[debug] [2023-04-04T07:46:17.711Z] ----------------------------------------------------------------------
[debug] [2023-04-04T07:46:17.713Z] Command:       /home/jash-ubuntu/.nvm/versions/node/v17.5.0/bin/node /home/jash-ubuntu/.nvm/versions/node/v17.5.0/bin/firebase init
[debug] [2023-04-04T07:46:17.713Z] CLI Version:   11.25.2
[debug] [2023-04-04T07:46:17.713Z] Platform:      linux
[debug] [2023-04-04T07:46:17.713Z] Node Version:  v17.5.0
[debug] [2023-04-04T07:46:17.714Z] Time:          Tue Apr 04 2023 13:16:17 GMT+0530 (India Standard Time)
[debug] [2023-04-04T07:46:17.714Z] ----------------------------------------------------------------------
[debug] 
[debug] [2023-04-04T07:46:17.719Z] > command requires scopes: ["email","openid","https://www.googleapis.com/auth/cloudplatformprojects.readonly","https://www.googleapis.com/auth/firebase","https://www.googleapis.com/auth/cloud-platform"]
[debug] [2023-04-04T07:46:17.719Z] > authorizing via signed-in user (jash28582@gmail.com)
[info] 
     ######## #### ########  ######## ########     ###     ######  ########
     ##        ##  ##     ## ##       ##     ##  ##   ##  ##       ##
     ######    ##  ########  ######   ########  #########  ######  ######
     ##        ##  ##    ##  ##       ##     ## ##     ##       ## ##
     ##       #### ##     ## ######## ########  ##     ##  ######  ########

You're about to initialize a Firebase project in this directory:

  /home/jash-ubuntu/Desktop/Coding_Trash/Practice/Web-Dev/React/firebase-test

[info] 
=== Project Setup
[info] 
[info] First, let's associate this project directory with a Firebase project.
[info] You can create multiple project aliases by running firebase use --add, 
[info] but for now we'll just set up a default project.
[info] 
[debug] [2023-04-04T07:48:17.207Z] >>> [apiv2][query] GET https://firebase.googleapis.com/v1beta1/projects pageSize=100
[debug] [2023-04-04T07:48:18.843Z] <<< [apiv2][status] GET https://firebase.googleapis.com/v1beta1/projects 200
[debug] [2023-04-04T07:48:18.843Z] <<< [apiv2][body] GET https://firebase.googleapis.com/v1beta1/projects [omitted]
[info] i  Using project fir-test-fe5cf (firebase-test) 
[info] 
=== Hosting Setup
[info] 
[info] Your public directory is the folder (relative to your project directory) that
[info] will contain Hosting assets to be uploaded with firebase deploy. If you
[info] have a build process for your assets, use your build's output directory.
[info] 
[info] ✔  Wrote public/404.html 
[debug] [2023-04-04T07:48:29.999Z] >>> [apiv2][query] GET https://www.gstatic.com/firebasejs/releases.json [none]
[debug] [2023-04-04T07:48:30.176Z] <<< [apiv2][status] GET https://www.gstatic.com/firebasejs/releases.json 200
[debug] [2023-04-04T07:48:30.176Z] <<< [apiv2][body] GET https://www.gstatic.com/firebasejs/releases.json {"current":{"version":"9.19.1","browserURL":"https://www.gstatic.com/firebasejs/9.19.1/firebase.js","packageURL":"https://www.gstatic.com/firebasejs/9.19.1/firebase.tgz"},"live":{"version":"9.19","browserURL":"https://www.gstatic.com/firebasejs/live/9.19/firebase.js","packageURL":"https://www.gstatic.com/firebasejs/live/9.19/firebase.tgz"},"components":{"analytics":"https://www.gstatic.com/firebasejs/9.19.1/firebase-analytics.js","app":"https://www.gstatic.com/firebasejs/9.19.1/firebase-app.js","app-check":"https://www.gstatic.com/firebasejs/9.19.1/firebase-app-check.js","auth":"https://www.gstatic.com/firebasejs/9.19.1/firebase-auth.js","auth/cordova":"https://www.gstatic.com/firebasejs/9.19.1/firebase-auth/cordova.js","auth/react-native":"https://www.gstatic.com/firebasejs/9.19.1/firebase-auth/react-native.js","functions":"https://www.gstatic.com/firebasejs/9.19.1/firebase-functions.js","firestore":"https://www.gstatic.com/firebasejs/9.19.1/firebase-firestore.js","firestore/lite":"https://www.gstatic.com/firebasejs/9.19.1/firebase-firestore/lite.js","installations":"https://www.gstatic.com/firebasejs/9.19.1/firebase-installations.js","storage":"https://www.gstatic.com/firebasejs/9.19.1/firebase-storage.js","performance":"https://www.gstatic.com/firebasejs/9.19.1/firebase-performance.js","remote-config":"https://www.gstatic.com/firebasejs/9.19.1/firebase-remote-config.js","messaging":"https://www.gstatic.com/firebasejs/9.19.1/firebase-messaging.js","messaging/sw":"https://www.gstatic.com/firebasejs/9.19.1/firebase-messaging/sw.js","database":"https://www.gstatic.com/firebasejs/9.19.1/firebase-database.js","firestore.memory":"https://www.gstatic.com/firebasejs/9.19.1/firebase-firestore.memory.js"}}
[info] i  Skipping write of public/index.html 
[info] 
[info] i  Detected a .git folder at /home/jash-ubuntu/Desktop/Coding_Trash/Practice/Web-Dev/React/firebase-test 
[info] i  Authorizing with GitHub to upload your service account to a GitHub repository's secrets store. 
[info] 
[info] Visit this URL on this device to log in:
[info] https://github.com/login/oauth/authorize?client_id=89cf50f02ac6aaed3484&state=432380730&redirect_uri=http%3A%2F%2Flocalhost%3A9005&scope=read%3Auser%20repo%20public_repo
[info] 
[info] Waiting for authentication...
[debug] [2023-04-04T07:48:48.650Z] >>> [apiv2][query] POST https://github.com/login/oauth/access_token [none]
[debug] [2023-04-04T07:48:48.650Z] >>> [apiv2][body] POST https://github.com/login/oauth/access_token [stream]
[debug] [2023-04-04T07:48:49.065Z] <<< [apiv2][status] POST https://github.com/login/oauth/access_token 200
[debug] [2023-04-04T07:48:49.065Z] <<< [apiv2][body] POST https://github.com/login/oauth/access_token {"access_token":"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","token_type":"bearer","scope":"read:user,repo"}
[debug] [2023-04-04T07:48:49.082Z] >>> [apiv2][query] GET https://api.github.com/user [none]
[debug] [2023-04-04T07:48:49.618Z] <<< [apiv2][status] GET https://api.github.com/user 200
[debug] [2023-04-04T07:48:49.618Z] <<< [apiv2][body] GET https://api.github.com/user {"login":"Jash-Shah","id":82902712,"node_id":"MDQ6VXNlcjgyOTAyNzEy","avatar_url":"https://avatars.githubusercontent.com/u/82902712?v=4","gravatar_id":"","url":"https://api.github.com/users/Jash-Shah","html_url":"https://github.com/Jash-Shah","followers_url":"https://api.github.com/users/Jash-Shah/followers","following_url":"https://api.github.com/users/Jash-Shah/following{/other_user}","gists_url":"https://api.github.com/users/Jash-Shah/gists{/gist_id}","starred_url":"https://api.github.com/users/Jash-Shah/starred{/owner}{/repo}","subscriptions_url":"https://api.github.com/users/Jash-Shah/subscriptions","organizations_url":"https://api.github.com/users/Jash-Shah/orgs","repos_url":"https://api.github.com/users/Jash-Shah/repos","events_url":"https://api.github.com/users/Jash-Shah/events{/privacy}","received_events_url":"https://api.github.com/users/Jash-Shah/received_events","type":"User","site_admin":false,"name":"Jash Shah","company":null,"blog":"https://jash-shah.github.io/Blogs/","location":"Mumbai, India","email":null,"hireable":null,"bio":"GSoC @Gnuastro | TY Comp. Sci. Student at VJTI, Mumbai | Upcoming Summer Intern @deshaw","twitter_username":null,"public_repos":21,"public_gists":0,"followers":65,"following":42,"created_at":"2021-04-20T18:02:29Z","updated_at":"2023-04-02T21:14:28Z","private_gists":0,"total_private_repos":12,"owned_private_repos":12,"disk_usage":629827,"collaborators":6,"two_factor_authentication":false,"plan":{"name":"pro","space":976562499,"collaborators":0,"private_repos":9999}}
[info] 
[info] ✔  Success! Logged into GitHub as Jash-Shah 
[info] 
